<?xml version="1.0" encoding="UTF-8"?>
<testng-results ignored="0" total="1" passed="1" failed="0" skipped="0">
  <reporter-output>
  </reporter-output>
  <suite started-at="2019-02-01T05:05:28Z" name="Default suite" finished-at="2019-02-01T05:07:07Z" duration-ms="98728">
    <groups>
    </groups>
    <test started-at="2019-02-01T05:05:28Z" name="Default test" finished-at="2019-02-01T05:07:07Z" duration-ms="98728">
      <class name="MercuryData.Test8">
        <test-method signature="DatadrivenTest()[pri:0, instance:MercuryData.Test8@5e5d171f]" started-at="2019-02-01T05:05:29Z" name="DatadrivenTest" finished-at="2019-02-01T05:07:07Z" duration-ms="98665" status="PASS">
          <reporter-output>
          </reporter-output>
        </test-method> <!-- DatadrivenTest -->
      </class> <!-- MercuryData.Test8 -->
    </test> <!-- Default test -->
  </suite> <!-- Default suite -->
</testng-results>
